<?xml version="1.0"?><coverage lines-covered="1160" lines-valid="2584" line-rate="0.44891640866873067" branches-covered="0" branches-valid="0" branch-rate="0" complexity="0" version="1.9" timestamp="1784751393"><sources><source>/Users/macbook/Project/s3-gallery</source></sources><packages><package name="tests/common" line-rate="0.8547008547008547" branch-rate="0" complexity="0"><classes><class name="mod" filename="tests/common/mod.rs" line-rate="0.8547008547008547" branch-rate="0" complexity="0"><methods/><lines><line number="28" hits="54"/><line number="29" hits="81"/><line number="30" hits="81"/><line number="31" hits="81"/><line number="32" hits="54"/><line number="33" hits="27"/><line number="39" hits="22"/><line number="40" hits="22"/><line number="41" hits="11"/><line number="42" hits="33"/><line number="43" hits="33"/><line number="44" hits="33"/><line number="45" hits="11"/><line number="46" hits="33"/><line number="47" hits="22"/><line number="48" hits="33"/><line number="49" hits="33"/><line number="50" hits="11"/><line number="51" hits="11"/><line number="53" hits="11"/><line number="54" hits="33"/><line number="55" hits="33"/><line number="56" hits="33"/><line number="57" hits="11"/><line number="58" hits="33"/><line number="59" hits="22"/><line number="60" hits="33"/><line number="61" hits="33"/><line number="62" hits="11"/><line number="63" hits="11"/><line number="65" hits="11"/><line number="66" hits="33"/><line number="67" hits="33"/><line number="68" hits="33"/><line number="69" hits="11"/><line number="70" hits="33"/><line number="71" hits="22"/><line number="72" hits="33"/><line number="73" hits="33"/><line number="74" hits="11"/><line number="75" hits="11"/><line number="77" hits="11"/><line number="78" hits="33"/><line number="79" hits="33"/><line number="80" hits="33"/><line number="81" hits="11"/><line number="82" hits="33"/><line number="83" hits="22"/><line number="84" hits="33"/><line number="85" hits="33"/><line number="86" hits="11"/><line number="87" hits="11"/><line number="89" hits="11"/><line number="90" hits="33"/><line number="91" hits="33"/><line number="92" hits="33"/><line number="93" hits="11"/><line number="94" hits="33"/><line number="95" hits="22"/><line number="96" hits="33"/><line number="97" hits="33"/><line number="98" hits="11"/><line number="99" hits="11"/><line number="103" hits="33"/><line number="104" hits="66"/><line number="105" hits="165"/><line number="107" hits="11"/><line number="111" hits="6"/><line number="114" hits="9"/><line number="115" hits="3"/><line number="117" hits="9"/><line number="118" hits="12"/><line number="121" hits="6"/><line number="122" hits="3"/><line number="124" hits="9"/><line number="127" hits="6"/><line number="128" hits="3"/><line number="130" hits="9"/><line number="132" hits="3"/><line number="136" hits="0"/><line number="138" hits="0"/><line number="139" hits="0"/><line number="140" hits="0"/><line number="141" hits="0"/><line number="142" hits="0"/><line number="145" hits="0"/><line number="148" hits="0"/><line number="149" hits="0"/><line number="150" hits="0"/><line number="151" hits="0"/><line number="152" hits="0"/><line number="155" hits="0"/><line number="157" hits="0"/><line number="161" hits="2"/><line number="163" hits="3"/><line number="164" hits="2"/><line number="165" hits="3"/><line number="166" hits="2"/><line number="167" hits="2"/><line number="168" hits="1"/><line number="170" hits="3"/><line number="171" hits="1"/><line number="177" hits="6"/><line number="178" hits="12"/><line number="179" hits="6"/><line number="180" hits="6"/><line number="181" hits="6"/><line number="182" hits="6"/><line number="183" hits="6"/><line number="188" hits="6"/><line number="189" hits="12"/><line number="190" hits="12"/><line number="194" hits="0"/><line number="195" hits="0"/><line number="197" hits="0"/><line number="207" hits="24"/><line number="208" hits="24"/></lines></class></classes></package><package name="target/debug/build/rav1e-83af06060794048e/out" line-rate="0" branch-rate="0" complexity="0"><classes></classes></package><package name="crates/s3-gallery-core/src/extractor" line-rate="0" branch-rate="0" complexity="0"><classes><class name="audio" filename="crates/s3-gallery-core/src/extractor/audio.rs" line-rate="0" branch-rate="0" complexity="0"><methods/><lines><line number="10" hits="0"/><line number="11" hits="0"/><line number="16" hits="0"/><line number="17" hits="0"/><line number="23" hits="0"/><line number="24" hits="0"/><line number="27" hits="0"/><line number="28" hits="0"/><line number="36" hits="0"/></lines></class><class name="exif" filename="crates/s3-gallery-core/src/extractor/exif.rs" line-rate="0" branch-rate="0" complexity="0"><methods/><lines><line number="10" hits="0"/><line number="11" hits="0"/><line number="18" hits="0"/><line number="20" hits="0"/><line number="21" hits="0"/><line number="25" hits="0"/><line number="26" hits="0"/><line number="27" hits="0"/><line number="28" hits="0"/><line number="30" hits="0"/><line number="31" hits="0"/><line number="32" hits="0"/><line number="33" hits="0"/><line number="34" hits="0"/><line number="36" hits="0"/><line number="37" hits="0"/><line number="38" hits="0"/><line number="39" hits="0"/><line number="42" hits="0"/><line number="50" hits="0"/><line number="52" hits="0"/><line number="53" hits="0"/><line number="56" hits="0"/><line number="57" hits="0"/><line number="59" hits="0"/><line number="60" hits="0"/><line number="61" hits="0"/><line number="64" hits="0"/><line number="67" hits="0"/><line number="68" hits="0"/><line number="69" hits="0"/><line number="73" hits="0"/><line number="74" hits="0"/><line number="78" hits="0"/><line number="79" hits="0"/><line number="83" hits="0"/><line number="84" hits="0"/><line number="86" hits="0"/><line number="87" hits="0"/><line number="88" hits="0"/><line number="89" hits="0"/><line number="90" hits="0"/><line number="93" hits="0"/><line number="94" hits="0"/><line number="97" hits="0"/><line number="98" hits="0"/><line number="99" hits="0"/><line number="102" hits="0"/><line number="103" hits="0"/><line number="104" hits="0"/><line number="105" hits="0"/><line number="107" hits="0"/><line number="111" hits="0"/><line number="112" hits="0"/><line number="114" hits="0"/><line number="117" hits="0"/><line number="122" hits="0"/><line number="123" hits="0"/><line number="129" hits="0"/><line number="130" hits="0"/><line number="133" hits="0"/><line number="134" hits="0"/><line number="147" hits="0"/></lines></class><class name="geocode" filename="crates/s3-gallery-core/src/extractor/geocode.rs" line-rate="0" branch-rate="0" complexity="0"><methods/><lines><line number="32" hits="0"/><line number="33" hits="0"/><line number="36" hits="0"/><line number="43" hits="0"/><line number="45" hits="0"/><line number="47" hits="0"/><line number="48" hits="0"/><line number="49" hits="0"/><line number="50" hits="0"/><line number="51" hits="0"/><line number="52" hits="0"/><line number="53" hits="0"/><line number="58" hits="0"/><line number="59" hits="0"/><line number="60" hits="0"/><line number="61" hits="0"/><line number="68" hits="0"/><line number="70" hits="0"/><line number="71" hits="0"/><line number="72" hits="0"/><line number="73" hits="0"/><line number="74" hits="0"/><line number="75" hits="0"/></lines></class><class name="mp4" filename="crates/s3-gallery-core/src/extractor/mp4.rs" line-rate="0" branch-rate="0" complexity="0"><methods/><lines><line number="10" hits="0"/><line number="11" hits="0"/><line number="16" hits="0"/><line number="17" hits="0"/><line number="23" hits="0"/><line number="24" hits="0"/><line number="27" hits="0"/><line number="28" hits="0"/><line number="36" hits="0"/></lines></class><class name="registry" filename="crates/s3-gallery-core/src/extractor/registry.rs" line-rate="0" branch-rate="0" complexity="0"><methods/><lines><line number="27" hits="0"/><line number="29" hits="0"/><line number="33" hits="0"/><line number="34" hits="0"/><line number="38" hits="0"/><line number="39" hits="0"/><line number="41" hits="0"/><line number="42" hits="0"/><line number="47" hits="0"/><line number="48" hits="0"/><line number="50" hits="0"/><line number="51" hits="0"/><line number="60" hits="0"/><line number="66" hits="0"/><line number="67" hits="0"/><line number="68" hits="0"/><line number="69" hits="0"/><line number="71" hits="0"/><line number="76" hits="0"/><line number="77" hits="0"/></lines></class><class name="tag_rules" filename="crates/s3-gallery-core/src/extractor/tag_rules.rs" line-rate="0" branch-rate="0" complexity="0"><methods/><lines><line number="37" hits="0"/><line number="42" hits="0"/><line number="43" hits="0"/><line number="44" hits="0"/><line number="47" hits="0"/><line number="48" hits="0"/><line number="50" hits="0"/><line number="51" hits="0"/><line number="52" hits="0"/><line number="53" hits="0"/><line number="54" hits="0"/><line number="57" hits="0"/><line number="58" hits="0"/><line number="60" hits="0"/><line number="61" hits="0"/><line number="62" hits="0"/><line number="63" hits="0"/><line number="66" hits="0"/><line number="67" hits="0"/><line number="69" hits="0"/><line number="71" hits="0"/><line number="73" hits="0"/><line number="74" hits="0"/><line number="76" hits="0"/><line number="78" hits="0"/><line number="79" hits="0"/><line number="80" hits="0"/><line number="85" hits="0"/><line number="90" hits="0"/><line number="92" hits="0"/><line number="100" hits="0"/><line number="101" hits="0"/><line number="102" hits="0"/><line number="104" hits="0"/><line number="108" hits="0"/><line number="109" hits="0"/><line number="110" hits="0"/><line number="111" hits="0"/><line number="112" hits="0"/><line number="113" hits="0"/><line number="114" hits="0"/><line number="116" hits="0"/><line number="120" hits="0"/><line number="121" hits="0"/><line number="122" hits="0"/><line number="124" hits="0"/><line number="129" hits="0"/><line number="144" hits="0"/><line number="146" hits="0"/><line number="148" hits="0"/><line number="149" hits="0"/><line number="150" hits="0"/><line number="151" hits="0"/><line number="152" hits="0"/><line number="153" hits="0"/><line number="154" hits="0"/><line number="155" hits="0"/><line number="156" hits="0"/><line number="157" hits="0"/><line number="158" hits="0"/><line number="159" hits="0"/><line number="160" hits="0"/><line number="161" hits="0"/><line number="162" hits="0"/><line number="163" hits="0"/><line number="165" hits="0"/><line number="166" hits="0"/><line number="167" hits="0"/><line number="168" hits="0"/><line number="169" hits="0"/><line number="170" hits="0"/><line number="171" hits="0"/><line number="172" hits="0"/><line number="173" hits="0"/><line number="175" hits="0"/><line number="176" hits="0"/><line number="177" hits="0"/><line number="178" hits="0"/><line number="179" hits="0"/><line number="180" hits="0"/><line number="181" hits="0"/><line number="182" hits="0"/><line number="183" hits="0"/><line number="184" hits="0"/><line number="185" hits="0"/><line number="186" hits="0"/><line number="187" hits="0"/><line number="188" hits="0"/><line number="189" hits="0"/><line number="190" hits="0"/><line number="192" hits="0"/><line number="194" hits="0"/><line number="195" hits="0"/><line number="196" hits="0"/><line number="197" hits="0"/><line number="198" hits="0"/><line number="199" hits="0"/><line number="200" hits="0"/><line number="201" hits="0"/><line number="202" hits="0"/><line number="204" hits="0"/><line number="206" hits="0"/><line number="208" hits="0"/><line number="210" hits="0"/><line number="211" hits="0"/><line number="212" hits="0"/><line number="213" hits="0"/><line number="214" hits="0"/><line number="215" hits="0"/><line number="216" hits="0"/><line number="217" hits="0"/><line number="218" hits="0"/><line number="220" hits="0"/><line number="222" hits="0"/><line number="225" hits="0"/><line number="227" hits="0"/><line number="228" hits="0"/><line number="229" hits="0"/><line number="230" hits="0"/><line number="231" hits="0"/><line number="232" hits="0"/><line number="233" hits="0"/><line number="234" hits="0"/><line number="236" hits="0"/><line number="238" hits="0"/><line number="241" hits="0"/><line number="243" hits="0"/><line number="244" hits="0"/><line number="245" hits="0"/><line number="246" hits="0"/><line number="247" hits="0"/><line number="248" hits="0"/><line number="249" hits="0"/><line number="250" hits="0"/><line number="251" hits="0"/><line number="253" hits="0"/><line number="255" hits="0"/><line number="258" hits="0"/><line number="260" hits="0"/><line number="261" hits="0"/><line number="262" hits="0"/><line number="263" hits="0"/><line number="264" hits="0"/><line number="265" hits="0"/><line number="266" hits="0"/><line number="267" hits="0"/><line number="269" hits="0"/><line number="271" hits="0"/><line number="274" hits="0"/><line number="276" hits="0"/><line number="277" hits="0"/><line number="278" hits="0"/><line number="279" hits="0"/><line number="280" hits="0"/><line number="281" hits="0"/><line number="282" hits="0"/><line number="284" hits="0"/><line number="286" hits="0"/><line number="289" hits="0"/><line number="291" hits="0"/><line number="292" hits="0"/><line number="293" hits="0"/><line number="294" hits="0"/><line number="295" hits="0"/><line number="296" hits="0"/><line number="297" hits="0"/><line number="298" hits="0"/><line number="300" hits="0"/><line number="302" hits="0"/><line number="305" hits="0"/><line number="307" hits="0"/><line number="308" hits="0"/><line number="309" hits="0"/><line number="310" hits="0"/><line number="311" hits="0"/><line number="312" hits="0"/><line number="313" hits="0"/><line number="314" hits="0"/><line number="316" hits="0"/><line number="318" hits="0"/><line number="321" hits="0"/><line number="323" hits="0"/><line number="324" hits="0"/><line number="325" hits="0"/><line number="326" hits="0"/><line number="327" hits="0"/><line number="328" hits="0"/><line number="329" hits="0"/><line number="331" hits="0"/><line number="333" hits="0"/><line number="336" hits="0"/><line number="338" hits="0"/><line number="339" hits="0"/><line number="340" hits="0"/><line number="341" hits="0"/><line number="342" hits="0"/><line number="343" hits="0"/><line number="345" hits="0"/><line number="348" hits="0"/><line number="350" hits="0"/><line number="351" hits="0"/><line number="352" hits="0"/><line number="353" hits="0"/><line number="354" hits="0"/><line number="355" hits="0"/><line number="356" hits="0"/><line number="358" hits="0"/><line number="360" hits="0"/><line number="363" hits="0"/><line number="365" hits="0"/><line number="366" hits="0"/><line number="367" hits="0"/><line number="368" hits="0"/><line number="369" hits="0"/><line number="370" hits="0"/><line number="371" hits="0"/><line number="372" hits="0"/><line number="374" hits="0"/><line number="376" hits="0"/><line number="378" hits="0"/><line number="379" hits="0"/><line number="380" hits="0"/><line number="381" hits="0"/><line number="382" hits="0"/><line number="383" hits="0"/><line number="384" hits="0"/><line number="385" hits="0"/><line number="387" hits="0"/><line number="389" hits="0"/><line number="391" hits="0"/><line number="392" hits="0"/><line number="393" hits="0"/><line number="394" hits="0"/><line number="395" hits="0"/><line number="396" hits="0"/><line number="397" hits="0"/><line number="398" hits="0"/><line number="400" hits="0"/><line number="402" hits="0"/><line number="404" hits="0"/><line number="405" hits="0"/><line number="406" hits="0"/><line number="407" hits="0"/><line number="408" hits="0"/><line number="409" hits="0"/><line number="410" hits="0"/><line number="411" hits="0"/><line number="412" hits="0"/><line number="413" hits="0"/><line number="414" hits="0"/><line number="415" hits="0"/><line number="416" hits="0"/><line number="417" hits="0"/><line number="419" hits="0"/><line number="421" hits="0"/><line number="423" hits="0"/><line number="425" hits="0"/><line number="426" hits="0"/><line number="427" hits="0"/><line number="428" hits="0"/><line number="429" hits="0"/><line number="430" hits="0"/><line number="431" hits="0"/><line number="432" hits="0"/><line number="433" hits="0"/><line number="434" hits="0"/><line number="435" hits="0"/><line number="436" hits="0"/><line number="437" hits="0"/><line number="438" hits="0"/><line number="439" hits="0"/><line number="440" hits="0"/><line number="442" hits="0"/><line number="444" hits="0"/><line number="447" hits="0"/><line number="449" hits="0"/><line number="450" hits="0"/><line number="451" hits="0"/><line number="453" hits="0"/><line number="454" hits="0"/><line number="456" hits="0"/><line number="458" hits="0"/><line number="459" hits="0"/><line number="461" hits="0"/><line number="464" hits="0"/><line number="467" hits="0"/><line number="470" hits="0"/><line number="472" hits="0"/><line number="473" hits="0"/><line number="474" hits="0"/><line number="475" hits="0"/><line number="476" hits="0"/><line number="477" hits="0"/><line number="478" hits="0"/><line number="479" hits="0"/><line number="481" hits="0"/><line number="483" hits="0"/><line number="485" hits="0"/><line number="487" hits="0"/><line number="488" hits="0"/><line number="489" hits="0"/><line number="490" hits="0"/><line number="491" hits="0"/><line number="492" hits="0"/><line number="493" hits="0"/><line number="494" hits="0"/><line number="495" hits="0"/><line number="496" hits="0"/><line number="497" hits="0"/><line number="498" hits="0"/><line number="500" hits="0"/><line number="502" hits="0"/><line number="504" hits="0"/><line number="506" hits="0"/><line number="507" hits="0"/><line number="508" hits="0"/><line number="509" hits="0"/><line number="510" hits="0"/><line number="511" hits="0"/><line number="512" hits="0"/><line number="513" hits="0"/><line number="514" hits="0"/><line number="515" hits="0"/><line number="516" hits="0"/><line number="517" hits="0"/><line number="519" hits="0"/><line number="521" hits="0"/><line number="524" hits="0"/><line number="526" hits="0"/><line number="527" hits="0"/><line number="528" hits="0"/><line number="529" hits="0"/><line number="530" hits="0"/><line number="532" hits="0"/><line number="533" hits="0"/><line number="536" hits="0"/><line number="538" hits="0"/><line number="540" hits="0"/><line number="541" hits="0"/><line number="542" hits="0"/><line number="543" hits="0"/><line number="544" hits="0"/><line number="545" hits="0"/><line number="546" hits="0"/><line number="547" hits="0"/><line number="549" hits="0"/><line number="551" hits="0"/><line number="553" hits="0"/><line number="555" hits="0"/><line number="556" hits="0"/><line number="557" hits="0"/><line number="558" hits="0"/><line number="559" hits="0"/><line number="560" hits="0"/><line number="561" hits="0"/><line number="562" hits="0"/><line number="564" hits="0"/><line number="566" hits="0"/><line number="568" hits="0"/><line number="569" hits="0"/><line number="570" hits="0"/><line number="571" hits="0"/><line number="572" hits="0"/><line number="573" hits="0"/><line number="574" hits="0"/><line number="575" hits="0"/><line number="576" hits="0"/><line number="578" hits="0"/><line number="580" hits="0"/><line number="582" hits="0"/><line number="584" hits="0"/><line number="585" hits="0"/><line number="586" hits="0"/><line number="587" hits="0"/><line number="588" hits="0"/><line number="589" hits="0"/><line number="590" hits="0"/><line number="591" hits="0"/><line number="592" hits="0"/><line number="593" hits="0"/><line number="594" hits="0"/><line number="595" hits="0"/><line number="596" hits="0"/><line number="598" hits="0"/><line number="600" hits="0"/></lines></class></classes></package><package name="crates/s3-gallery-core/src/view" line-rate="0.7375" branch-rate="0" complexity="0"><classes><class name="duplicates" filename="crates/s3-gallery-core/src/view/duplicates.rs" line-rate="0.7142857142857143" branch-rate="0" complexity="0"><methods/><lines><line number="23" hits="1"/><line number="33" hits="4"/><line number="42" hits="3"/><line number="43" hits="2"/><line number="44" hits="1"/><line number="45" hits="1"/><line number="55" hits="0"/><line number="56" hits="0"/><line number="57" hits="0"/><line number="60" hits="2"/><line number="62" hits="2"/><line number="63" hits="4"/><line number="69" hits="3"/><line number="70" hits="3"/><line number="71" hits="3"/><line number="72" hits="2"/><line number="73" hits="1"/><line number="74" hits="1"/><line number="81" hits="0"/><line number="82" hits="0"/><line number="83" hits="0"/><line number="84" hits="0"/><line number="85" hits="0"/><line number="88" hits="4"/><line number="90" hits="3"/><line number="91" hits="2"/><line number="92" hits="1"/><line number="96" hits="1"/></lines></class><class name="export" filename="crates/s3-gallery-core/src/view/export.rs" line-rate="0.95" branch-rate="0" complexity="0"><methods/><lines><line number="22" hits="4"/><line number="23" hits="4"/><line number="24" hits="6"/><line number="25" hits="6"/><line number="26" hits="4"/><line number="27" hits="2"/><line number="28" hits="2"/><line number="30" hits="2"/><line number="31" hits="2"/><line number="32" hits="2"/><line number="36" hits="1"/><line number="37" hits="2"/><line number="38" hits="3"/><line number="40" hits="11"/><line number="41" hits="20"/><line number="42" hits="20"/><line number="43" hits="20"/><line number="44" hits="20"/><line number="45" hits="10"/><line number="46" hits="5"/><line number="47" hits="5"/><line number="51" hits="1"/><line number="54" hits="20"/><line number="55" hits="120"/><line number="56" hits="0"/><line number="57" hits="0"/><line number="59" hits="40"/><line number="63" hits="1"/><line number="75" hits="4"/><line number="76" hits="11"/><line number="77" hits="15"/><line number="78" hits="10"/><line number="79" hits="10"/><line number="80" hits="10"/><line number="81" hits="10"/><line number="82" hits="10"/><line number="83" hits="5"/><line number="84" hits="5"/><line number="88" hits="2"/><line number="89" hits="1"/></lines></class><class name="ls" filename="crates/s3-gallery-core/src/view/ls.rs" line-rate="0.8888888888888888" branch-rate="0" complexity="0"><methods/><lines><line number="31" hits="4"/><line number="35" hits="4"/><line number="37" hits="4"/><line number="42" hits="2"/><line number="43" hits="10"/><line number="44" hits="8"/><line number="45" hits="2"/><line number="46" hits="4"/><line number="47" hits="4"/><line number="48" hits="6"/><line number="49" hits="2"/><line number="50" hits="2"/><line number="51" hits="2"/><line number="61" hits="3"/><line number="68" hits="15"/><line number="70" hits="9"/><line number="71" hits="1"/><line number="73" hits="2"/><line number="76" hits="6"/><line number="77" hits="6"/><line number="79" hits="13"/><line number="80" hits="20"/><line number="81" hits="20"/><line number="82" hits="0"/><line number="85" hits="30"/><line number="86" hits="26"/><line number="87" hits="24"/><line number="88" hits="24"/><line number="90" hits="4"/><line number="91" hits="0"/><line number="93" hits="6"/><line number="94" hits="6"/><line number="99" hits="15"/><line number="100" hits="3"/><line number="102" hits="9"/><line number="104" hits="3"/><line number="107" hits="6"/><line number="109" hits="11"/><line number="110" hits="12"/><line number="111" hits="32"/><line number="112" hits="16"/><line number="113" hits="8"/><line number="114" hits="8"/><line number="115" hits="8"/><line number="118" hits="7"/><line number="119" hits="10"/><line number="122" hits="12"/><line number="124" hits="3"/><line number="127" hits="3"/><line number="128" hits="9"/><line number="129" hits="15"/><line number="130" hits="3"/><line number="131" hits="0"/><line number="134" hits="6"/><line number="135" hits="9"/><line number="136" hits="0"/><line number="137" hits="0"/><line number="138" hits="0"/><line number="141" hits="9"/><line number="145" hits="3"/><line number="146" hits="3"/><line number="147" hits="3"/><line number="148" hits="0"/></lines></class><class name="mod" filename="crates/s3-gallery-core/src/view/mod.rs" line-rate="1" branch-rate="0" complexity="0"><methods/><lines><line number="32" hits="12"/><line number="37" hits="2"/><line number="38" hits="2"/><line number="46" hits="3"/><line number="53" hits="18"/><line number="61" hits="2"/><line number="62" hits="3"/><line number="70" hits="3"/><line number="75" hits="12"/><line number="83" hits="2"/><line number="88" hits="8"/><line number="96" hits="1"/><line number="100" hits="3"/><line number="108" hits="1"/><line number="112" hits="3"/><line number="120" hits="1"/><line number="125" hits="4"/><line number="133" hits="1"/><line number="137" hits="3"/><line number="145" hits="2"/><line number="150" hits="8"/><line number="158" hits="1"/><line number="163" hits="4"/></lines></class><class name="remote" filename="crates/s3-gallery-core/src/view/remote.rs" line-rate="0.6666666666666666" branch-rate="0" complexity="0"><methods/><lines><line number="23" hits="8"/><line number="32" hits="4"/><line number="33" hits="8"/><line number="34" hits="1"/><line number="37" hits="0"/><line number="40" hits="1"/><line number="49" hits="4"/><line number="51" hits="9"/><line number="52" hits="1"/><line number="57" hits="1"/><line number="61" hits="4"/><line number="62" hits="3"/><line number="66" hits="0"/><line number="67" hits="0"/><line number="68" hits="0"/><line number="69" hits="0"/><line number="70" hits="0"/><line number="71" hits="0"/><line number="72" hits="0"/><line number="73" hits="0"/><line number="76" hits="0"/><line number="78" hits="0"/><line number="84" hits="0"/><line number="92" hits="2"/><line number="93" hits="3"/><line number="94" hits="2"/><line number="95" hits="4"/><line number="96" hits="1"/><line number="97" hits="1"/><line number="102" hits="0"/><line number="105" hits="1"/><line number="113" hits="4"/><line number="114" hits="8"/><line number="115" hits="2"/><line number="121" hits="2"/><line number="125" hits="1"/><line number="126" hits="1"/><line number="130" hits="1"/><line number="131" hits="1"/></lines></class><class name="search" filename="crates/s3-gallery-core/src/view/search.rs" line-rate="1" branch-rate="0" complexity="0"><methods/><lines><line number="22" hits="6"/><line number="23" hits="6"/><line number="28" hits="9"/><line number="29" hits="9"/><line number="30" hits="6"/><line number="31" hits="3"/><line number="32" hits="3"/><line number="34" hits="15"/><line number="36" hits="3"/><line number="44" hits="4"/><line number="52" hits="6"/><line number="53" hits="6"/><line number="54" hits="4"/><line number="55" hits="2"/><line number="56" hits="2"/><line number="58" hits="10"/><line number="60" hits="2"/></lines></class><class name="stat" filename="crates/s3-gallery-core/src/view/stat.rs" line-rate="0.6190476190476191" branch-rate="0" complexity="0"><methods/><lines><line number="36" hits="2"/><line number="37" hits="2"/><line number="38" hits="2"/><line number="40" hits="4"/><line number="41" hits="3"/><line number="42" hits="3"/><line number="43" hits="2"/><line number="44" hits="1"/><line number="45" hits="1"/><line number="47" hits="0"/><line number="48" hits="0"/><line number="49" hits="0"/><line number="50" hits="0"/><line number="53" hits="4"/><line number="54" hits="3"/><line number="55" hits="3"/><line number="56" hits="2"/><line number="57" hits="1"/><line number="58" hits="1"/><line number="60" hits="0"/><line number="61" hits="0"/><line number="62" hits="0"/><line number="63" hits="0"/><line number="66" hits="4"/><line number="67" hits="3"/><line number="68" hits="3"/><line number="69" hits="2"/><line number="70" hits="1"/><line number="71" hits="1"/><line number="73" hits="0"/><line number="74" hits="0"/><line number="75" hits="0"/><line number="76" hits="0"/><line number="79" hits="4"/><line number="83" hits="3"/><line number="84" hits="2"/><line number="85" hits="1"/><line number="86" hits="1"/><line number="91" hits="0"/><line number="92" hits="0"/><line number="93" hits="0"/><line number="96" hits="4"/><line number="100" hits="3"/><line number="101" hits="2"/><line number="102" hits="1"/><line number="103" hits="1"/><line number="108" hits="0"/><line number="109" hits="0"/><line number="110" hits="0"/><line number="113" hits="4"/><line number="114" hits="3"/><line number="115" hits="3"/><line number="116" hits="2"/><line number="117" hits="1"/><line number="118" hits="1"/><line number="120" hits="0"/><line number="121" hits="0"/><line number="122" hits="0"/><line number="123" hits="0"/><line number="126" hits="11"/><line number="127" hits="25"/><line number="129" hits="20"/><line number="130" hits="15"/><line number="131" hits="20"/><line number="132" hits="20"/><line number="135" hits="5"/><line number="137" hits="1"/><line number="138" hits="4"/><line number="139" hits="3"/><line number="140" hits="2"/><line number="141" hits="2"/><line number="142" hits="4"/><line number="143" hits="4"/><line number="144" hits="2"/><line number="155" hits="0"/><line number="156" hits="0"/><line number="161" hits="0"/><line number="162" hits="0"/><line number="163" hits="0"/><line number="165" hits="0"/><line number="166" hits="0"/><line number="167" hits="0"/><line number="168" hits="0"/><line number="171" hits="0"/></lines></class><class name="tags" filename="crates/s3-gallery-core/src/view/tags.rs" line-rate="0.6818181818181818" branch-rate="0" complexity="0"><methods/><lines><line number="13" hits="2"/><line number="16" hits="4"/><line number="24" hits="3"/><line number="25" hits="2"/><line number="26" hits="1"/><line number="27" hits="1"/><line number="36" hits="0"/><line number="37" hits="0"/><line number="38" hits="0"/><line number="41" hits="1"/><line number="49" hits="1"/><line number="54" hits="4"/><line number="62" hits="3"/><line number="63" hits="3"/><line number="64" hits="2"/><line number="65" hits="1"/><line number="66" hits="1"/><line number="75" hits="0"/><line number="76" hits="0"/><line number="77" hits="0"/><line number="78" hits="0"/><line number="81" hits="1"/></lines></class><class name="timeline" filename="crates/s3-gallery-core/src/view/timeline.rs" line-rate="0.7916666666666666" branch-rate="0" complexity="0"><methods/><lines><line number="26" hits="2"/><line number="27" hits="4"/><line number="31" hits="3"/><line number="32" hits="2"/><line number="33" hits="1"/><line number="34" hits="1"/><line number="36" hits="0"/><line number="37" hits="0"/><line number="38" hits="0"/><line number="39" hits="0"/><line number="42" hits="3"/><line number="44" hits="11"/><line number="45" hits="20"/><line number="46" hits="20"/><line number="49" hits="2"/><line number="51" hits="13"/><line number="52" hits="25"/><line number="53" hits="10"/><line number="54" hits="20"/><line number="57" hits="1"/><line number="60" hits="5"/><line number="61" hits="5"/><line number="62" hits="10"/><line number="64" hits="0"/></lines></class><class name="timeline_gallery" filename="crates/s3-gallery-core/src/view/timeline_gallery.rs" line-rate="0" branch-rate="0" complexity="0"><methods/><lines><line number="25" hits="0"/><line number="33" hits="0"/><line number="34" hits="0"/><line number="35" hits="0"/><line number="37" hits="0"/><line number="45" hits="0"/><line number="46" hits="0"/><line number="47" hits="0"/><line number="48" hits="0"/><line number="49" hits="0"/><line number="58" hits="0"/><line number="59" hits="0"/><line number="60" hits="0"/><line number="61" hits="0"/><line number="64" hits="0"/><line number="69" hits="0"/><line number="70" hits="0"/><line number="71" hits="0"/><line number="72" hits="0"/><line number="78" hits="0"/><line number="79" hits="0"/><line number="80" hits="0"/><line number="85" hits="0"/><line number="86" hits="0"/><line number="87" hits="0"/><line number="88" hits="0"/><line number="90" hits="0"/><line number="92" hits="0"/><line number="96" hits="0"/><line number="97" hits="0"/><line number="98" hits="0"/><line number="101" hits="0"/><line number="103" hits="0"/><line number="104" hits="0"/><line number="105" hits="0"/><line number="106" hits="0"/><line number="107" hits="0"/><line number="108" hits="0"/><line number="109" hits="0"/><line number="110" hits="0"/><line number="111" hits="0"/><line number="116" hits="0"/><line number="119" hits="0"/><line number="120" hits="0"/><line number="121" hits="0"/><line number="123" hits="0"/></lines></class><class name="tree" filename="crates/s3-gallery-core/src/view/tree.rs" line-rate="0.9361702127659575" branch-rate="0" complexity="0"><methods/><lines><line number="33" hits="2"/><line number="34" hits="5"/><line number="36" hits="3"/><line number="37" hits="1"/><line number="39" hits="0"/><line number="51" hits="3"/><line number="53" hits="3"/><line number="55" hits="3"/><line number="56" hits="2"/><line number="58" hits="0"/><line number="61" hits="2"/><line number="62" hits="2"/><line number="63" hits="1"/><line number="64" hits="1"/><line number="65" hits="1"/><line number="66" hits="1"/><line number="67" hits="1"/><line number="68" hits="1"/><line number="72" hits="6"/><line number="73" hits="10"/><line number="74" hits="10"/><line number="75" hits="0"/><line number="78" hits="15"/><line number="79" hits="10"/><line number="81" hits="0"/><line number="84" hits="10"/><line number="85" hits="0"/><line number="88" hits="25"/><line number="89" hits="15"/><line number="91" hits="15"/><line number="93" hits="36"/><line number="94" hits="26"/><line number="95" hits="39"/><line number="96" hits="10"/><line number="98" hits="8"/><line number="101" hits="35"/><line number="102" hits="27"/><line number="103" hits="27"/><line number="104" hits="9"/><line number="105" hits="27"/><line number="106" hits="9"/><line number="107" hits="9"/><line number="108" hits="9"/><line number="109" hits="9"/><line number="114" hits="39"/><line number="115" hits="35"/><line number="116" hits="27"/><line number="120" hits="26"/><line number="123" hits="20"/><line number="124" hits="10"/><line number="125" hits="25"/><line number="126" hits="5"/><line number="127" hits="5"/><line number="130" hits="20"/><line number="132" hits="20"/><line number="133" hits="5"/><line number="134" hits="5"/><line number="137" hits="15"/><line number="139" hits="36"/><line number="140" hits="13"/><line number="141" hits="5"/><line number="144" hits="24"/><line number="145" hits="10"/><line number="147" hits="3"/><line number="150" hits="32"/><line number="151" hits="8"/><line number="152" hits="8"/><line number="155" hits="16"/><line number="159" hits="3"/><line number="160" hits="31"/><line number="161" hits="40"/><line number="164" hits="12"/><line number="165" hits="24"/><line number="166" hits="24"/><line number="167" hits="24"/><line number="168" hits="16"/><line number="169" hits="4"/><line number="170" hits="0"/><line number="172" hits="12"/><line number="176" hits="10"/><line number="177" hits="20"/><line number="178" hits="20"/><line number="179" hits="10"/><line number="181" hits="20"/><line number="182" hits="19"/><line number="183" hits="45"/><line number="186" hits="10"/><line number="187" hits="30"/><line number="188" hits="30"/><line number="189" hits="20"/><line number="190" hits="20"/><line number="191" hits="20"/><line number="192" hits="10"/><line number="196" hits="3"/></lines></class></classes></package><package name="target/debug/build/rav1e-e3633e5abeebe979/out" line-rate="0" branch-rate="0" complexity="0"><classes></classes></package><package name="target/debug/build/libsqlite3-sys-4c611816805fd279/out" line-rate="0" branch-rate="0" complexity="0"><classes></classes></package><package name="target/debug/build/thiserror-ab7e23b0debaf068/out" line-rate="0" branch-rate="0" complexity="0"><classes></classes></package><package name="target/debug/build/thiserror-1732f226750264af/out" line-rate="0" branch-rate="0" complexity="0"><classes></classes></package><package name="crates/s3-gallery-core/src/util" line-rate="0.25" branch-rate="0" complexity="0"><classes><class name="concurrency" filename="crates/s3-gallery-core/src/util/concurrency.rs" line-rate="0.25" branch-rate="0" complexity="0"><methods/><lines><line number="15" hits="7"/><line number="17" hits="14"/><line number="27" hits="0"/><line number="31" hits="0"/><line number="32" hits="0"/><line number="35" hits="0"/><line number="39" hits="0"/><line number="40" hits="0"/></lines></class></classes></package><package name="crates/s3-gallery-cli/src" line-rate="0" branch-rate="0" complexity="0"><classes></classes></package><package name="crates/s3-gallery-cli/src/web/handlers" line-rate="0" branch-rate="0" complexity="0"><classes></classes></package><package name="target/debug/build/mime_guess-1b873f7a5103f4bf/out" line-rate="0" branch-rate="0" complexity="0"><classes></classes></package><package name="target/debug/build/libsqlite3-sys-f551aa3daf5f120d/out" line-rate="0" branch-rate="0" complexity="0"><classes></classes></package><package name="target/debug/build/aws-types-c659baeeec4e63a2/out" line-rate="0" branch-rate="0" complexity="0"><classes></classes></package><package name="crates/s3-gallery-core/src/thumbnail" line-rate="0.08333333333333333" branch-rate="0" complexity="0"><classes><class name="generator" filename="crates/s3-gallery-core/src/thumbnail/generator.rs" line-rate="0.08333333333333333" branch-rate="0" complexity="0"><methods/><lines><line number="22" hits="1"/><line number="23" hits="1"/><line number="25" hits="0"/><line number="28" hits="4"/><line number="29" hits="1"/><line number="32" hits="0"/><line number="34" hits="0"/><line number="35" hits="0"/><line number="36" hits="0"/><line number="37" hits="0"/><line number="38" hits="0"/><line number="39" hits="0"/><line number="42" hits="0"/><line number="53" hits="0"/><line number="57" hits="0"/><line number="65" hits="0"/><line number="67" hits="0"/><line number="68" hits="0"/><line number="73" hits="0"/><line number="77" hits="0"/><line number="82" hits="0"/><line number="83" hits="0"/><line number="84" hits="0"/><line number="91" hits="0"/><line number="92" hits="0"/><line number="93" hits="0"/><line number="94" hits="0"/><line number="95" hits="0"/><line number="103" hits="0"/><line number="104" hits="0"/><line number="105" hits="0"/><line number="107" hits="0"/><line number="108" hits="0"/><line number="112" hits="0"/><line number="113" hits="0"/><line number="114" hits="0"/><line number="115" hits="0"/><line number="117" hits="0"/><line number="120" hits="0"/><line number="121" hits="0"/><line number="124" hits="0"/><line number="127" hits="0"/><line number="131" hits="0"/><line number="134" hits="0"/><line number="135" hits="0"/><line number="136" hits="0"/><line number="140" hits="0"/><line number="141" hits="0"/></lines></class></classes></package><package name="crates/s3-gallery-core/src/s3" line-rate="0.24568965517241378" branch-rate="0" complexity="0"><classes><class name="config" filename="crates/s3-gallery-core/src/s3/config.rs" line-rate="0" branch-rate="0" complexity="0"><methods/><lines><line number="40" hits="0"/><line number="48" hits="0"/><line number="51" hits="0"/><line number="52" hits="0"/><line number="53" hits="0"/><line number="54" hits="0"/><line number="58" hits="0"/><line number="59" hits="0"/><line number="63" hits="0"/><line number="64" hits="0"/><line number="68" hits="0"/><line number="69" hits="0"/><line number="73" hits="0"/><line number="74" hits="0"/><line number="77" hits="0"/><line number="78" hits="0"/><line number="79" hits="0"/><line number="80" hits="0"/><line number="81" hits="0"/><line number="82" hits="0"/><line number="83" hits="0"/><line number="84" hits="0"/><line number="87" hits="0"/><line number="144" hits="0"/><line number="145" hits="0"/><line number="147" hits="0"/><line number="148" hits="0"/><line number="149" hits="0"/><line number="152" hits="0"/><line number="155" hits="0"/><line number="168" hits="0"/><line number="169" hits="0"/><line number="171" hits="0"/><line number="172" hits="0"/><line number="173" hits="0"/><line number="176" hits="0"/><line number="181" hits="0"/><line number="182" hits="0"/><line number="186" hits="0"/><line number="187" hits="0"/><line number="191" hits="0"/><line number="192" hits="0"/><line number="196" hits="0"/><line number="197" hits="0"/><line number="207" hits="0"/><line number="208" hits="0"/><line number="211" hits="0"/><line number="212" hits="0"/><line number="216" hits="0"/><line number="217" hits="0"/><line number="221" hits="0"/><line number="223" hits="0"/><line number="224" hits="0"/><line number="225" hits="0"/><line number="230" hits="0"/><line number="231" hits="0"/><line number="232" hits="0"/><line number="233" hits="0"/><line number="239" hits="0"/><line number="241" hits="0"/><line number="267" hits="0"/><line number="277" hits="0"/><line number="283" hits="0"/><line number="284" hits="0"/><line number="286" hits="0"/><line number="290" hits="0"/><line number="291" hits="0"/><line number="294" hits="0"/><line number="295" hits="0"/><line number="298" hits="0"/><line number="299" hits="0"/><line number="302" hits="0"/><line number="303" hits="0"/><line number="306" hits="0"/><line number="307" hits="0"/><line number="308" hits="0"/><line number="309" hits="0"/><line number="310" hits="0"/><line number="311" hits="0"/><line number="312" hits="0"/><line number="313" hits="0"/><line number="314" hits="0"/><line number="315" hits="0"/><line number="316" hits="0"/><line number="317" hits="0"/><line number="318" hits="0"/></lines></class><class name="lock" filename="crates/s3-gallery-core/src/s3/lock.rs" line-rate="0.8947368421052632" branch-rate="0" complexity="0"><methods/><lines><line number="18" hits="25"/><line number="19" hits="50"/><line number="20" hits="50"/><line number="23" hits="75"/><line number="24" hits="25"/><line number="29" hits="0"/><line number="30" hits="0"/><line number="31" hits="0"/><line number="32" hits="0"/><line number="49" hits="20"/><line number="69" hits="38"/><line number="70" hits="19"/><line number="76" hits="57"/><line number="77" hits="19"/><line number="87" hits="8"/><line number="88" hits="16"/><line number="89" hits="12"/><line number="90" hits="4"/><line number="91" hits="8"/><line number="92" hits="12"/><line number="93" hits="4"/><line number="94" hits="4"/><line number="100" hits="4"/><line number="113" hits="21"/><line number="119" hits="84"/><line number="120" hits="63"/><line number="121" hits="21"/><line number="123" hits="63"/><line number="124" hits="63"/><line number="125" hits="21"/><line number="127" hits="21"/><line number="128" hits="20"/><line number="134" hits="80"/><line number="136" hits="1"/><line number="142" hits="1"/><line number="143" hits="1"/><line number="153" hits="9"/><line number="158" hits="36"/></lines></class><class name="mock" filename="crates/s3-gallery-core/src/s3/mock.rs" line-rate="0.5348837209302325" branch-rate="0" complexity="0"><methods/><lines><line number="40" hits="14"/><line number="42" hits="28"/><line number="54" hits="11"/><line number="55" hits="22"/><line number="56" hits="93"/><line number="57" hits="123"/><line number="58" hits="82"/><line number="59" hits="82"/><line number="60" hits="82"/><line number="61" hits="41"/><line number="62" hits="123"/><line number="63" hits="82"/><line number="64" hits="82"/><line number="65" hits="41"/><line number="69" hits="11"/><line number="70" hits="22"/><line number="82" hits="0"/><line number="83" hits="0"/><line number="84" hits="0"/><line number="85" hits="0"/><line number="86" hits="0"/><line number="87" hits="0"/><line number="88" hits="0"/><line number="89" hits="0"/><line number="90" hits="0"/><line number="91" hits="0"/><line number="92" hits="0"/><line number="95" hits="0"/><line number="100" hits="0"/><line number="101" hits="0"/><line number="134" hits="0"/><line number="138" hits="0"/><line number="148" hits="3"/><line number="152" hits="2"/><line number="167" hits="0"/><line number="170" hits="0"/><line number="172" hits="0"/><line number="177" hits="0"/><line number="182" hits="4"/><line number="221" hits="19"/><line number="227" hits="11"/><line number="241" hits="65"/><line number="242" hits="195"/></lines></class><class name="real" filename="crates/s3-gallery-core/src/s3/real.rs" line-rate="0" branch-rate="0" complexity="0"><methods/><lines><line number="24" hits="0"/><line number="26" hits="0"/><line number="27" hits="0"/><line number="28" hits="0"/><line number="29" hits="0"/><line number="33" hits="0"/><line number="34" hits="0"/><line number="35" hits="0"/><line number="36" hits="0"/><line number="37" hits="0"/><line number="41" hits="0"/><line number="44" hits="0"/><line number="63" hits="0"/><line number="64" hits="0"/><line number="65" hits="0"/><line number="66" hits="0"/><line number="67" hits="0"/><line number="69" hits="0"/><line number="82" hits="0"/><line number="83" hits="0"/><line number="87" hits="0"/><line number="95" hits="0"/><line number="103" hits="0"/><line number="105" hits="0"/><line number="106" hits="0"/><line number="107" hits="0"/><line number="110" hits="0"/><line number="111" hits="0"/><line number="112" hits="0"/><line number="113" hits="0"/><line number="115" hits="0"/><line number="121" hits="0"/><line number="123" hits="0"/><line number="126" hits="0"/><line number="131" hits="0"/><line number="141" hits="0"/><line number="142" hits="0"/><line number="143" hits="0"/><line number="144" hits="0"/><line number="145" hits="0"/><line number="146" hits="0"/><line number="149" hits="0"/><line number="157" hits="0"/><line number="177" hits="0"/><line number="178" hits="0"/><line number="179" hits="0"/><line number="180" hits="0"/><line number="181" hits="0"/><line number="183" hits="0"/><line number="191" hits="0"/><line number="195" hits="0"/><line number="203" hits="0"/><line number="204" hits="0"/><line number="205" hits="0"/><line number="206" hits="0"/><line number="207" hits="0"/><line number="209" hits="0"/><line number="249" hits="0"/><line number="256" hits="0"/><line number="257" hits="0"/><line number="258" hits="0"/><line number="259" hits="0"/><line number="260" hits="0"/><line number="262" hits="0"/><line number="268" hits="0"/></lines></class></classes></package><package name="crates/s3-gallery-core/src/scan" line-rate="0.5451127819548872" branch-rate="0" complexity="0"><classes><class name="diff" filename="crates/s3-gallery-core/src/scan/diff.rs" line-rate="0.9545454545454546" branch-rate="0" complexity="0"><methods/><lines><line number="25" hits="7"/><line number="26" hits="21"/><line number="27" hits="12"/><line number="28" hits="10"/><line number="29" hits="20"/><line number="33" hits="14"/><line number="34" hits="14"/><line number="35" hits="14"/><line number="36" hits="14"/><line number="38" hits="17"/><line number="39" hits="30"/><line number="40" hits="30"/><line number="42" hits="30"/><line number="43" hits="9"/><line number="44" hits="0"/><line number="46" hits="3"/><line number="47" hits="9"/><line number="49" hits="7"/><line number="50" hits="21"/><line number="56" hits="21"/><line number="58" hits="22"/><line number="59" hits="11"/></lines></class><class name="scanner" filename="crates/s3-gallery-core/src/scan/scanner.rs" line-rate="0.5081967213114754" branch-rate="0" complexity="0"><methods/><lines><line number="62" hits="14"/><line number="63" hits="14"/><line number="64" hits="21"/><line number="68" hits="28"/><line number="69" hits="7"/><line number="72" hits="14"/><line number="73" hits="21"/><line number="74" hits="14"/><line number="75" hits="14"/><line number="77" hits="7"/><line number="79" hits="7"/><line number="87" hits="21"/><line number="88" hits="14"/><line number="89" hits="14"/><line number="90" hits="7"/><line number="91" hits="21"/><line number="93" hits="18"/><line number="94" hits="33"/><line number="95" hits="21"/><line number="99" hits="7"/><line number="101" hits="0"/><line number="106" hits="7"/><line number="107" hits="28"/><line number="108" hits="7"/><line number="111" hits="28"/><line number="113" hits="7"/><line number="115" hits="0"/><line number="116" hits="0"/><line number="117" hits="0"/><line number="122" hits="14"/><line number="123" hits="14"/><line number="124" hits="14"/><line number="127" hits="14"/><line number="128" hits="7"/><line number="129" hits="21"/><line number="130" hits="21"/><line number="133" hits="14"/><line number="134" hits="7"/><line number="135" hits="21"/><line number="136" hits="21"/><line number="137" hits="21"/><line number="138" hits="14"/><line number="139" hits="21"/><line number="140" hits="14"/><line number="141" hits="21"/><line number="142" hits="21"/><line number="143" hits="7"/><line number="144" hits="7"/><line number="147" hits="7"/><line number="149" hits="7"/><line number="153" hits="10"/><line number="154" hits="3"/><line number="155" hits="9"/><line number="156" hits="9"/><line number="159" hits="6"/><line number="160" hits="3"/><line number="161" hits="9"/><line number="162" hits="9"/><line number="163" hits="9"/><line number="164" hits="6"/><line number="165" hits="9"/><line number="166" hits="6"/><line number="167" hits="9"/><line number="168" hits="9"/><line number="169" hits="3"/><line number="170" hits="3"/><line number="173" hits="3"/><line number="175" hits="3"/><line number="179" hits="9"/><line number="180" hits="8"/><line number="184" hits="14"/><line number="185" hits="7"/><line number="186" hits="0"/><line number="187" hits="0"/><line number="188" hits="0"/><line number="190" hits="0"/><line number="191" hits="0"/><line number="192" hits="0"/><line number="193" hits="0"/><line number="194" hits="0"/><line number="204" hits="27"/><line number="205" hits="10"/><line number="208" hits="21"/><line number="209" hits="7"/><line number="211" hits="13"/><line number="212" hits="3"/><line number="217" hits="21"/><line number="218" hits="14"/><line number="219" hits="14"/><line number="220" hits="7"/><line number="221" hits="7"/><line number="224" hits="21"/><line number="229" hits="21"/><line number="231" hits="17"/><line number="232" hits="30"/><line number="235" hits="20"/><line number="236" hits="55"/><line number="237" hits="45"/><line number="238" hits="45"/><line number="239" hits="120"/><line number="240" hits="30"/><line number="241" hits="15"/><line number="242" hits="15"/><line number="247" hits="7"/><line number="248" hits="21"/><line number="249" hits="0"/><line number="251" hits="34"/><line number="256" hits="27"/><line number="257" hits="27"/><line number="258" hits="27"/><line number="259" hits="27"/><line number="260" hits="18"/><line number="261" hits="9"/><line number="262" hits="9"/><line number="264" hits="14"/><line number="265" hits="7"/><line number="266" hits="7"/><line number="268" hits="7"/><line number="271" hits="0"/><line number="277" hits="14"/><line number="279" hits="21"/><line number="281" hits="7"/><line number="283" hits="0"/><line number="286" hits="0"/><line number="287" hits="0"/><line number="291" hits="7"/><line number="292" hits="14"/><line number="293" hits="14"/><line number="294" hits="14"/><line number="295" hits="14"/><line number="296" hits="14"/><line number="297" hits="14"/><line number="298" hits="7"/><line number="303" hits="0"/><line number="313" hits="0"/><line number="314" hits="0"/><line number="315" hits="0"/><line number="316" hits="0"/><line number="317" hits="0"/><line number="319" hits="0"/><line number="322" hits="0"/><line number="327" hits="0"/><line number="328" hits="0"/><line number="329" hits="0"/><line number="330" hits="0"/><line number="331" hits="0"/><line number="336" hits="0"/><line number="337" hits="0"/><line number="338" hits="0"/><line number="339" hits="0"/><line number="341" hits="0"/><line number="342" hits="0"/><line number="343" hits="0"/><line number="344" hits="0"/><line number="349" hits="0"/><line number="350" hits="0"/><line number="351" hits="0"/><line number="352" hits="0"/><line number="357" hits="0"/><line number="358" hits="0"/><line number="359" hits="0"/><line number="360" hits="0"/><line number="361" hits="0"/><line number="365" hits="0"/><line number="370" hits="0"/><line number="371" hits="0"/><line number="372" hits="0"/><line number="373" hits="0"/><line number="374" hits="0"/><line number="378" hits="0"/><line number="379" hits="0"/><line number="381" hits="0"/><line number="382" hits="0"/><line number="383" hits="0"/><line number="384" hits="0"/><line number="385" hits="0"/><line number="386" hits="0"/><line number="387" hits="0"/><line number="388" hits="0"/><line number="391" hits="0"/><line number="395" hits="0"/><line number="396" hits="0"/><line number="397" hits="0"/><line number="399" hits="0"/><line number="400" hits="0"/><line number="401" hits="0"/><line number="402" hits="0"/><line number="405" hits="0"/><line number="409" hits="0"/><line number="411" hits="0"/><line number="412" hits="0"/><line number="413" hits="0"/><line number="414" hits="0"/><line number="417" hits="0"/><line number="420" hits="0"/><line number="422" hits="0"/><line number="423" hits="0"/><line number="424" hits="0"/><line number="426" hits="0"/><line number="427" hits="0"/><line number="429" hits="0"/><line number="430" hits="0"/><line number="431" hits="0"/><line number="433" hits="0"/><line number="434" hits="0"/><line number="435" hits="0"/><line number="437" hits="0"/><line number="438" hits="0"/><line number="439" hits="0"/><line number="440" hits="0"/><line number="443" hits="0"/><line number="447" hits="0"/><line number="448" hits="0"/><line number="451" hits="0"/><line number="453" hits="0"/><line number="454" hits="0"/><line number="455" hits="0"/><line number="456" hits="0"/><line number="459" hits="0"/><line number="465" hits="0"/><line number="467" hits="0"/><line number="468" hits="0"/><line number="469" hits="0"/><line number="470" hits="0"/><line number="471" hits="0"/><line number="473" hits="0"/><line number="474" hits="0"/><line number="475" hits="0"/><line number="476" hits="0"/><line number="477" hits="0"/><line number="478" hits="0"/><line number="479" hits="0"/><line number="480" hits="0"/><line number="482" hits="0"/><line number="486" hits="10"/><line number="487" hits="20"/><line number="488" hits="20"/><line number="489" hits="20"/><line number="492" hits="0"/><line number="496" hits="10"/><line number="497" hits="20"/><line number="498" hits="20"/><line number="499" hits="20"/><line number="502" hits="0"/></lines></class></classes></package><package name="crates/s3-gallery-core/src" line-rate="0.44069965870307165" branch-rate="0" complexity="0"><classes><class name="config" filename="crates/s3-gallery-core/src/config.rs" line-rate="0" branch-rate="0" complexity="0"><methods/><lines><line number="79" hits="0"/></lines></class><class name="types" filename="crates/s3-gallery-core/src/types.rs" line-rate="0.2631578947368421" branch-rate="0" complexity="0"><methods/><lines><line number="27" hits="26"/><line number="28" hits="78"/><line number="29" hits="52"/><line number="30" hits="0"/><line number="31" hits="0"/><line number="34" hits="78"/><line number="35" hits="26"/><line number="36" hits="0"/><line number="37" hits="0"/><line number="40" hits="26"/><line number="41" hits="0"/><line number="42" hits="0"/><line number="45" hits="26"/><line number="46" hits="26"/><line number="47" hits="664"/><line number="49" hits="0"/><line number="50" hits="0"/><line number="53" hits="26"/><line number="57" hits="0"/><line number="58" hits="0"/><line number="63" hits="0"/><line number="64" hits="0"/><line number="71" hits="0"/><line number="72" hits="0"/><line number="79" hits="0"/><line number="80" hits="0"/><line number="104" hits="85"/><line number="105" hits="255"/><line number="106" hits="255"/><line number="107" hits="85"/><line number="108" hits="0"/><line number="109" hits="0"/><line number="112" hits="85"/><line number="116" hits="177"/><line number="117" hits="177"/><line number="122" hits="0"/><line number="123" hits="0"/><line number="124" hits="0"/><line number="126" hits="0"/><line number="128" hits="0"/><line number="129" hits="0"/><line number="134" hits="20"/><line number="135" hits="20"/><line number="136" hits="20"/><line number="137" hits="60"/><line number="138" hits="40"/><line number="139" hits="0"/><line number="141" hits="20"/><line number="144" hits="0"/><line number="150" hits="1"/><line number="151" hits="2"/><line number="158" hits="0"/><line number="159" hits="0"/><line number="166" hits="0"/><line number="167" hits="0"/><line number="192" hits="65"/><line number="193" hits="195"/><line number="194" hits="130"/><line number="195" hits="0"/><line number="196" hits="0"/><line number="200" hits="130"/><line number="201" hits="130"/><line number="202" hits="0"/><line number="203" hits="0"/><line number="206" hits="195"/><line number="208" hits="0"/><line number="210" hits="65"/><line number="214" hits="13"/><line number="215" hits="13"/><line number="220" hits="0"/><line number="221" hits="0"/><line number="228" hits="0"/><line number="229" hits="0"/><line number="236" hits="0"/><line number="237" hits="0"/><line number="260" hits="0"/><line number="261" hits="0"/><line number="262" hits="0"/><line number="263" hits="0"/><line number="264" hits="0"/><line number="267" hits="0"/><line number="268" hits="0"/><line number="269" hits="0"/><line number="270" hits="0"/><line number="273" hits="0"/><line number="274" hits="0"/><line number="275" hits="0"/><line number="277" hits="0"/><line number="278" hits="0"/><line number="281" hits="0"/><line number="285" hits="0"/><line number="286" hits="0"/><line number="291" hits="0"/><line number="292" hits="0"/><line number="299" hits="0"/><line number="300" hits="0"/><line number="307" hits="0"/><line number="308" hits="0"/><line number="324" hits="33"/><line number="325" hits="33"/><line number="329" hits="56"/><line number="330" hits="56"/><line number="334" hits="0"/><line number="335" hits="0"/><line number="340" hits="0"/><line number="342" hits="0"/><line number="343" hits="0"/><line number="344" hits="0"/><line number="348" hits="0"/><line number="349" hits="0"/><line number="350" hits="0"/><line number="351" hits="0"/><line number="352" hits="0"/><line number="355" hits="0"/><line number="356" hits="0"/><line number="358" hits="0"/><line number="359" hits="0"/><line number="360" hits="0"/><line number="362" hits="0"/><line number="365" hits="0"/><line number="366" hits="0"/><line number="374" hits="0"/><line number="375" hits="0"/><line number="376" hits="0"/><line number="377" hits="0"/><line number="378" hits="0"/><line number="381" hits="0"/><line number="382" hits="0"/><line number="384" hits="0"/><line number="408" hits="20"/><line number="409" hits="60"/><line number="410" hits="40"/><line number="411" hits="0"/><line number="412" hits="0"/><line number="415" hits="20"/><line number="416" hits="0"/><line number="417" hits="0"/><line number="420" hits="160"/><line number="421" hits="0"/><line number="422" hits="0"/><line number="425" hits="160"/><line number="426" hits="0"/><line number="427" hits="0"/><line number="430" hits="20"/><line number="434" hits="20"/><line number="435" hits="20"/><line number="440" hits="0"/><line number="441" hits="0"/><line number="448" hits="0"/><line number="449" hits="0"/><line number="456" hits="0"/><line number="457" hits="0"/><line number="503" hits="5"/><line number="504" hits="5"/><line number="511" hits="2"/><line number="512" hits="1"/><line number="514" hits="0"/><line number="522" hits="1"/><line number="523" hits="0"/><line number="524" hits="1"/><line number="530" hits="10"/><line number="531" hits="10"/><line number="532" hits="12"/><line number="533" hits="0"/><line number="534" hits="0"/><line number="535" hits="0"/><line number="536" hits="0"/><line number="537" hits="0"/><line number="538" hits="0"/><line number="539" hits="0"/><line number="540" hits="0"/><line number="541" hits="0"/><line number="542" hits="0"/><line number="543" hits="0"/><line number="544" hits="0"/><line number="545" hits="0"/><line number="546" hits="0"/><line number="547" hits="0"/><line number="548" hits="0"/><line number="549" hits="0"/><line number="550" hits="0"/><line number="551" hits="0"/><line number="552" hits="0"/><line number="553" hits="0"/><line number="554" hits="0"/><line number="555" hits="0"/><line number="556" hits="0"/><line number="557" hits="0"/><line number="558" hits="0"/><line number="559" hits="0"/><line number="560" hits="0"/><line number="561" hits="8"/><line number="569" hits="7"/><line number="570" hits="7"/><line number="571" hits="11"/><line number="572" hits="3"/><line number="573" hits="3"/><line number="574" hits="3"/><line number="575" hits="3"/><line number="576" hits="3"/><line number="577" hits="3"/><line number="578" hits="4"/><line number="579" hits="2"/><line number="580" hits="2"/><line number="581" hits="2"/><line number="582" hits="2"/><line number="583" hits="2"/><line number="584" hits="2"/><line number="585" hits="2"/><line number="586" hits="2"/><line number="587" hits="2"/><line number="588" hits="2"/><line number="589" hits="3"/><line number="590" hits="1"/><line number="591" hits="1"/><line number="592" hits="1"/><line number="593" hits="1"/><line number="594" hits="1"/><line number="595" hits="1"/><line number="596" hits="1"/><line number="597" hits="1"/><line number="598" hits="1"/><line number="599" hits="1"/><line number="600" hits="1"/><line number="622" hits="5"/><line number="623" hits="5"/><line number="624" hits="4"/><line number="625" hits="2"/><line number="626" hits="0"/><line number="627" hits="2"/><line number="628" hits="0"/><line number="629" hits="2"/><line number="637" hits="0"/><line number="638" hits="0"/><line number="639" hits="0"/><line number="640" hits="0"/><line number="641" hits="0"/><line number="642" hits="0"/><line number="643" hits="0"/><line number="644" hits="0"/><line number="645" hits="0"/><line number="646" hits="0"/><line number="668" hits="0"/><line number="669" hits="0"/><line number="670" hits="0"/><line number="671" hits="0"/><line number="672" hits="0"/><line number="673" hits="0"/><line number="674" hits="0"/><line number="682" hits="0"/><line number="683" hits="0"/><line number="684" hits="0"/><line number="685" hits="0"/><line number="686" hits="0"/><line number="687" hits="0"/><line number="688" hits="0"/><line number="689" hits="0"/><line number="709" hits="0"/><line number="710" hits="0"/><line number="711" hits="0"/><line number="712" hits="0"/><line number="713" hits="0"/><line number="721" hits="0"/><line number="722" hits="0"/><line number="723" hits="0"/><line number="724" hits="0"/><line number="725" hits="0"/><line number="726" hits="0"/><line number="727" hits="0"/><line number="748" hits="0"/><line number="749" hits="0"/><line number="750" hits="0"/><line number="751" hits="0"/><line number="752" hits="0"/><line number="753" hits="0"/><line number="761" hits="0"/><line number="762" hits="0"/><line number="763" hits="0"/><line number="764" hits="0"/><line number="765" hits="0"/><line number="766" hits="0"/><line number="767" hits="0"/><line number="768" hits="0"/><line number="790" hits="0"/><line number="791" hits="0"/><line number="792" hits="0"/><line number="793" hits="0"/><line number="794" hits="0"/><line number="795" hits="0"/><line number="796" hits="0"/><line number="804" hits="0"/><line number="805" hits="0"/><line number="806" hits="0"/><line number="807" hits="0"/><line number="808" hits="0"/><line number="809" hits="0"/><line number="810" hits="0"/><line number="811" hits="0"/><line number="812" hits="0"/><line number="834" hits="0"/><line number="835" hits="0"/><line number="836" hits="0"/><line number="837" hits="0"/><line number="838" hits="0"/><line number="839" hits="0"/><line number="840" hits="0"/><line number="848" hits="0"/><line number="849" hits="0"/><line number="850" hits="0"/><line number="851" hits="0"/><line number="852" hits="0"/><line number="853" hits="0"/><line number="854" hits="0"/><line number="855" hits="0"/><line number="856" hits="0"/><line number="877" hits="0"/><line number="878" hits="0"/><line number="879" hits="0"/><line number="880" hits="0"/><line number="881" hits="0"/><line number="882" hits="0"/><line number="890" hits="0"/><line number="891" hits="0"/><line number="892" hits="0"/><line number="893" hits="0"/><line number="894" hits="0"/><line number="895" hits="0"/><line number="896" hits="0"/><line number="897" hits="0"/><line number="916" hits="0"/><line number="917" hits="0"/><line number="918" hits="0"/><line number="919" hits="0"/><line number="927" hits="0"/><line number="928" hits="0"/><line number="929" hits="0"/><line number="930" hits="0"/><line number="931" hits="0"/><line number="932" hits="0"/><line number="952" hits="0"/><line number="953" hits="0"/><line number="954" hits="0"/><line number="955" hits="0"/><line number="956" hits="0"/><line number="964" hits="0"/><line number="965" hits="0"/><line number="966" hits="0"/><line number="967" hits="0"/><line number="968" hits="0"/><line number="969" hits="0"/><line number="970" hits="0"/><line number="989" hits="0"/><line number="990" hits="0"/><line number="991" hits="0"/><line number="992" hits="0"/><line number="1000" hits="0"/><line number="1001" hits="0"/><line number="1002" hits="0"/><line number="1003" hits="0"/><line number="1004" hits="0"/><line number="1005" hits="0"/></lines></class></classes></package><package name="target/debug/build/libsqlite3-sys-cb0e1e998041a566/out" line-rate="0" branch-rate="0" complexity="0"><classes></classes></package><package name="tests" line-rate="0.5474137931034483" branch-rate="0" complexity="0"><classes><class name="db_test" filename="tests/db_test.rs" line-rate="1" branch-rate="0" complexity="0"><methods/><lines><line number="22" hits="42"/><line number="23" hits="63"/><line number="24" hits="63"/><line number="25" hits="63"/><line number="26" hits="42"/><line number="27" hits="21"/><line number="31" hits="8"/><line number="33" hits="8"/><line number="34" hits="4"/><line number="35" hits="12"/><line number="36" hits="12"/><line number="37" hits="12"/><line number="38" hits="4"/><line number="39" hits="12"/><line number="40" hits="8"/><line number="41" hits="12"/><line number="42" hits="12"/><line number="43" hits="4"/><line number="44" hits="4"/><line number="47" hits="4"/></lines></class><class name="e2e_cli_test" filename="tests/e2e_cli_test.rs" line-rate="0" branch-rate="0" complexity="0"><methods/><lines><line number="30" hits="0"/><line number="31" hits="0"/><line number="34" hits="0"/><line number="35" hits="0"/><line number="36" hits="0"/><line number="37" hits="0"/><line number="38" hits="0"/><line number="39" hits="0"/><line number="42" hits="0"/><line number="43" hits="0"/><line number="44" hits="0"/><line number="45" hits="0"/><line number="47" hits="0"/><line number="48" hits="0"/><line number="49" hits="0"/><line number="50" hits="0"/><line number="51" hits="0"/><line number="52" hits="0"/><line number="53" hits="0"/><line number="55" hits="0"/><line number="56" hits="0"/><line number="67" hits="0"/><line number="68" hits="0"/><line number="70" hits="0"/><line number="71" hits="0"/><line number="72" hits="0"/><line number="73" hits="0"/><line number="74" hits="0"/><line number="77" hits="0"/><line number="78" hits="0"/><line number="79" hits="0"/><line number="80" hits="0"/><line number="84" hits="0"/><line number="91" hits="0"/><line number="93" hits="0"/><line number="94" hits="0"/><line number="95" hits="0"/><line number="96" hits="0"/><line number="100" hits="0"/><line number="101" hits="0"/><line number="102" hits="0"/><line number="103" hits="0"/><line number="107" hits="0"/><line number="108" hits="0"/><line number="109" hits="0"/><line number="110" hits="0"/><line number="114" hits="0"/><line number="115" hits="0"/><line number="119" hits="0"/><line number="120" hits="0"/><line number="121" hits="0"/><line number="125" hits="0"/><line number="126" hits="0"/><line number="127" hits="0"/><line number="128" hits="0"/><line number="129" hits="0"/><line number="133" hits="0"/><line number="136" hits="0"/><line number="137" hits="0"/><line number="138" hits="0"/><line number="140" hits="0"/><line number="143" hits="0"/><line number="144" hits="0"/><line number="145" hits="0"/><line number="146" hits="0"/><line number="147" hits="0"/><line number="149" hits="0"/></lines></class><class name="e2e_test" filename="tests/e2e_test.rs" line-rate="0" branch-rate="0" complexity="0"><methods/><lines><line number="51" hits="0"/><line number="52" hits="0"/><line number="56" hits="0"/><line number="57" hits="0"/><line number="58" hits="0"/><line number="59" hits="0"/><line number="60" hits="0"/><line number="61" hits="0"/><line number="65" hits="0"/><line number="66" hits="0"/><line number="68" hits="0"/><line number="69" hits="0"/><line number="74" hits="0"/><line number="75" hits="0"/><line number="76" hits="0"/><line number="77" hits="0"/><line number="78" hits="0"/><line number="80" hits="0"/><line number="81" hits="0"/><line number="83" hits="0"/><line number="84" hits="0"/></lines></class><class name="lock_test" filename="tests/lock_test.rs" line-rate="1" branch-rate="0" complexity="0"><methods/><lines><line number="17" hits="8"/><line number="18" hits="24"/></lines></class><class name="scan_test" filename="tests/scan_test.rs" line-rate="1" branch-rate="0" complexity="0"><methods/><lines><line number="23" hits="7"/><line number="31" hits="28"/><line number="33" hits="21"/><line number="37" hits="35"/><line number="41" hits="7"/></lines></class></classes></package><package name="target/debug/build/serde-e41c85a50fbfecaf/out" line-rate="0" branch-rate="0" complexity="0"><classes></classes></package><package name="crates/s3-gallery-web/src" line-rate="0" branch-rate="0" complexity="0"><classes></classes></package><package name="crates/s3-gallery-core/src/classify" line-rate="0.972972972972973" branch-rate="0" complexity="0"><classes><class name="classifier" filename="crates/s3-gallery-core/src/classify/classifier.rs" line-rate="0.972972972972973" branch-rate="0" complexity="0"><methods/><lines><line number="6" hits="10"/><line number="7" hits="10"/><line number="9" hits="20"/><line number="10" hits="4"/><line number="11" hits="4"/><line number="12" hits="4"/><line number="13" hits="4"/><line number="14" hits="4"/><line number="15" hits="8"/><line number="16" hits="8"/><line number="19" hits="4"/><line number="20" hits="4"/><line number="21" hits="4"/><line number="22" hits="4"/><line number="23" hits="4"/><line number="24" hits="4"/><line number="27" hits="4"/><line number="28" hits="4"/><line number="29" hits="4"/><line number="30" hits="4"/><line number="31" hits="4"/><line number="32" hits="4"/><line number="35" hits="4"/><line number="36" hits="4"/><line number="37" hits="4"/><line number="38" hits="4"/><line number="39" hits="4"/><line number="40" hits="4"/><line number="41" hits="4"/><line number="44" hits="4"/><line number="45" hits="4"/><line number="46" hits="4"/><line number="47" hits="4"/><line number="48" hits="4"/><line number="49" hits="4"/><line number="51" hits="4"/><line number="58" hits="10"/><line number="59" hits="16"/><line number="60" hits="20"/><line number="61" hits="4"/><line number="62" hits="4"/><line number="63" hits="4"/><line number="64" hits="4"/><line number="65" hits="4"/><line number="66" hits="8"/><line number="67" hits="8"/><line number="68" hits="8"/><line number="69" hits="4"/><line number="70" hits="4"/><line number="71" hits="4"/><line number="72" hits="4"/><line number="73" hits="4"/><line number="74" hits="4"/><line number="75" hits="4"/><line number="76" hits="4"/><line number="77" hits="4"/><line number="78" hits="4"/><line number="79" hits="4"/><line number="80" hits="4"/><line number="81" hits="4"/><line number="82" hits="4"/><line number="83" hits="4"/><line number="84" hits="4"/><line number="85" hits="4"/><line number="87" hits="6"/><line number="102" hits="20"/><line number="103" hits="60"/><line number="104" hits="80"/><line number="105" hits="0"/><line number="109" hits="60"/><line number="110" hits="80"/><line number="112" hits="40"/><line number="113" hits="0"/><line number="119" hits="80"/></lines></class></classes></package><package name="crates/s3-gallery-core/src/db" line-rate="0.8328767123287671" branch-rate="0" complexity="0"><classes><class name="models" filename="crates/s3-gallery-core/src/db/models.rs" line-rate="0.8181818181818182" branch-rate="0" complexity="0"><methods/><lines><line number="42" hits="2"/><line number="47" hits="3"/><line number="48" hits="3"/><line number="49" hits="3"/><line number="50" hits="3"/><line number="51" hits="3"/><line number="52" hits="3"/><line number="53" hits="3"/><line number="54" hits="3"/><line number="55" hits="2"/><line number="56" hits="1"/><line number="57" hits="1"/><line number="58" hits="1"/><line number="67" hits="8"/><line number="68" hits="12"/><line number="69" hits="12"/><line number="70" hits="8"/><line number="71" hits="4"/><line number="72" hits="4"/><line number="73" hits="6"/><line number="81" hits="0"/><line number="82" hits="0"/><line number="83" hits="0"/><line number="84" hits="0"/><line number="85" hits="0"/><line number="93" hits="2"/><line number="98" hits="3"/><line number="99" hits="3"/><line number="100" hits="3"/><line number="101" hits="3"/><line number="102" hits="3"/><line number="103" hits="3"/><line number="104" hits="3"/><line number="105" hits="3"/><line number="106" hits="2"/><line number="107" hits="1"/><line number="108" hits="1"/><line number="109" hits="1"/><line number="120" hits="0"/><line number="132" hits="0"/><line number="133" hits="0"/><line number="134" hits="0"/><line number="135" hits="0"/><line number="136" hits="0"/><line number="137" hits="0"/><line number="138" hits="0"/><line number="139" hits="0"/><line number="147" hits="2"/><line number="148" hits="3"/><line number="149" hits="3"/><line number="150" hits="2"/><line number="151" hits="1"/><line number="152" hits="1"/><line number="153" hits="1"/><line number="192" hits="150"/><line number="198" hits="225"/><line number="199" hits="225"/><line number="200" hits="225"/><line number="201" hits="225"/><line number="202" hits="225"/><line number="203" hits="225"/><line number="204" hits="225"/><line number="205" hits="225"/><line number="206" hits="225"/><line number="207" hits="225"/><line number="208" hits="150"/><line number="209" hits="75"/><line number="210" hits="75"/><line number="211" hits="75"/><line number="219" hits="22"/><line number="225" hits="33"/><line number="226" hits="33"/><line number="227" hits="33"/><line number="228" hits="33"/><line number="229" hits="33"/><line number="230" hits="33"/><line number="231" hits="33"/><line number="232" hits="33"/><line number="233" hits="33"/><line number="234" hits="33"/><line number="235" hits="22"/><line number="236" hits="11"/><line number="237" hits="11"/><line number="238" hits="11"/><line number="247" hits="22"/><line number="248" hits="33"/><line number="249" hits="33"/><line number="250" hits="33"/><line number="251" hits="22"/><line number="252" hits="11"/><line number="253" hits="11"/><line number="254" hits="12"/><line number="264" hits="13"/><line number="272" hits="39"/><line number="273" hits="39"/><line number="274" hits="26"/><line number="275" hits="13"/><line number="276" hits="13"/><line number="286" hits="1"/><line number="294" hits="3"/><line number="295" hits="3"/><line number="296" hits="2"/><line number="297" hits="1"/><line number="298" hits="1"/><line number="306" hits="10"/><line number="307" hits="15"/><line number="308" hits="15"/><line number="309" hits="15"/><line number="310" hits="10"/><line number="311" hits="5"/><line number="312" hits="5"/><line number="313" hits="5"/><line number="321" hits="8"/><line number="325" hits="12"/><line number="326" hits="8"/><line number="327" hits="4"/><line number="328" hits="4"/><line number="359" hits="6"/><line number="364" hits="9"/><line number="365" hits="9"/><line number="366" hits="9"/><line number="367" hits="9"/><line number="368" hits="9"/><line number="369" hits="9"/><line number="370" hits="6"/><line number="371" hits="3"/><line number="372" hits="3"/><line number="373" hits="3"/><line number="381" hits="6"/><line number="385" hits="9"/><line number="386" hits="6"/><line number="387" hits="3"/><line number="388" hits="3"/><line number="396" hits="1"/><line number="403" hits="3"/><line number="404" hits="2"/><line number="405" hits="1"/><line number="406" hits="1"/><line number="414" hits="2"/><line number="415" hits="3"/><line number="416" hits="3"/><line number="417" hits="2"/><line number="418" hits="1"/><line number="419" hits="1"/><line number="420" hits="1"/><line number="451" hits="4"/><line number="456" hits="6"/><line number="457" hits="6"/><line number="458" hits="6"/><line number="459" hits="6"/><line number="460" hits="6"/><line number="461" hits="6"/><line number="462" hits="4"/><line number="463" hits="2"/><line number="464" hits="2"/><line number="465" hits="2"/><line number="474" hits="10"/><line number="475" hits="15"/><line number="476" hits="15"/><line number="477" hits="10"/><line number="478" hits="5"/><line number="479" hits="5"/><line number="480" hits="7"/><line number="488" hits="2"/><line number="493" hits="3"/><line number="494" hits="3"/><line number="495" hits="3"/><line number="496" hits="3"/><line number="497" hits="3"/><line number="498" hits="3"/><line number="499" hits="2"/><line number="500" hits="1"/><line number="501" hits="1"/><line number="502" hits="1"/><line number="510" hits="2"/><line number="511" hits="3"/><line number="512" hits="3"/><line number="513" hits="2"/><line number="514" hits="1"/><line number="515" hits="1"/><line number="516" hits="1"/><line number="541" hits="10"/><line number="542" hits="15"/><line number="543" hits="15"/><line number="544" hits="15"/><line number="545" hits="10"/><line number="546" hits="5"/><line number="547" hits="5"/><line number="548" hits="5"/><line number="557" hits="12"/><line number="558" hits="18"/><line number="559" hits="18"/><line number="560" hits="12"/><line number="561" hits="6"/><line number="562" hits="6"/><line number="563" hits="7"/><line number="571" hits="2"/><line number="572" hits="3"/><line number="573" hits="2"/><line number="574" hits="1"/><line number="575" hits="1"/><line number="583" hits="0"/><line number="584" hits="0"/><line number="585" hits="0"/><line number="586" hits="0"/><line number="587" hits="0"/><line number="588" hits="0"/><line number="589" hits="0"/><line number="591" hits="0"/><line number="592" hits="0"/><line number="593" hits="0"/><line number="594" hits="0"/><line number="595" hits="0"/><line number="596" hits="0"/><line number="619" hits="14"/><line number="620" hits="21"/><line number="621" hits="21"/><line number="622" hits="21"/><line number="623" hits="14"/><line number="624" hits="7"/><line number="625" hits="7"/><line number="626" hits="7"/><line number="634" hits="4"/><line number="635" hits="6"/><line number="636" hits="6"/><line number="637" hits="4"/><line number="638" hits="2"/><line number="639" hits="2"/><line number="647" hits="2"/><line number="648" hits="3"/><line number="649" hits="3"/><line number="650" hits="3"/><line number="651" hits="2"/><line number="652" hits="1"/><line number="653" hits="1"/><line number="654" hits="1"/><line number="686" hits="6"/><line number="687" hits="9"/><line number="688" hits="9"/><line number="689" hits="6"/><line number="690" hits="3"/><line number="691" hits="3"/><line number="692" hits="3"/><line number="693" hits="0"/><line number="702" hits="16"/><line number="708" hits="24"/><line number="709" hits="24"/><line number="710" hits="24"/><line number="711" hits="24"/><line number="712" hits="24"/><line number="713" hits="24"/><line number="714" hits="16"/><line number="715" hits="8"/><line number="716" hits="8"/><line number="717" hits="8"/><line number="744" hits="0"/><line number="748" hits="0"/><line number="749" hits="0"/><line number="750" hits="0"/><line number="751" hits="0"/><line number="752" hits="0"/><line number="753" hits="0"/><line number="754" hits="0"/><line number="764" hits="3"/><line number="774" hits="9"/><line number="775" hits="9"/><line number="776" hits="9"/><line number="777" hits="6"/><line number="778" hits="3"/><line number="779" hits="3"/><line number="787" hits="0"/><line number="798" hits="0"/><line number="799" hits="0"/><line number="800" hits="0"/><line number="801" hits="0"/><line number="802" hits="0"/><line number="803" hits="0"/><line number="804" hits="0"/><line number="805" hits="0"/><line number="813" hits="0"/><line number="814" hits="0"/><line number="815" hits="0"/><line number="816" hits="0"/><line number="817" hits="0"/><line number="818" hits="0"/><line number="819" hits="0"/></lines></class><class name="pool" filename="crates/s3-gallery-core/src/db/pool.rs" line-rate="1" branch-rate="0" complexity="0"><methods/><lines><line number="17" hits="98"/><line number="18" hits="98"/><line number="19" hits="98"/><line number="22" hits="98"/><line number="23" hits="98"/><line number="25" hits="98"/><line number="27" hits="98"/><line number="28" hits="49"/><line number="29" hits="49"/></lines></class><class name="schema" filename="crates/s3-gallery-core/src/db/schema.rs" line-rate="1" branch-rate="0" complexity="0"><methods/><lines><line number="8" hits="1960"/><line number="9" hits="2940"/><line number="10" hits="1960"/><line number="11" hits="980"/><line number="12" hits="980"/><line number="13" hits="980"/><line number="27" hits="98"/><line number="30" hits="147"/><line number="31" hits="147"/><line number="37" hits="98"/><line number="46" hits="49"/><line number="50" hits="147"/><line number="51" hits="98"/><line number="52" hits="49"/><line number="57" hits="147"/><line number="58" hits="98"/><line number="59" hits="49"/><line number="62" hits="147"/><line number="63" hits="98"/><line number="64" hits="49"/><line number="69" hits="98"/><line number="83" hits="49"/><line number="87" hits="147"/><line number="88" hits="98"/><line number="89" hits="49"/><line number="94" hits="98"/><line number="102" hits="49"/><line number="106" hits="98"/><line number="114" hits="49"/><line number="118" hits="98"/><line number="129" hits="49"/><line number="133" hits="98"/><line number="143" hits="49"/><line number="147" hits="98"/><line number="154" hits="49"/><line number="158" hits="98"/><line number="166" hits="49"/><line number="170" hits="98"/><line number="180" hits="49"/><line number="184" hits="98"/><line number="193" hits="49"/><line number="198" hits="98"/><line number="201" hits="49"/><line number="204" hits="98"/><line number="207" hits="49"/><line number="210" hits="98"/><line number="213" hits="49"/><line number="216" hits="98"/><line number="219" hits="49"/><line number="222" hits="98"/><line number="225" hits="49"/><line number="228" hits="98"/><line number="231" hits="49"/><line number="234" hits="98"/><line number="237" hits="49"/><line number="240" hits="98"/><line number="243" hits="49"/><line number="252" hits="98"/><line number="253" hits="49"/><line number="254" hits="49"/><line number="256" hits="49"/></lines></class><class name="status" filename="crates/s3-gallery-core/src/db/status.rs" line-rate="0" branch-rate="0" complexity="0"><methods/><lines><line number="30" hits="0"/><line number="31" hits="0"/><line number="32" hits="0"/><line number="34" hits="0"/><line number="40" hits="0"/><line number="41" hits="0"/><line number="42" hits="0"/><line number="43" hits="0"/><line number="45" hits="0"/></lines></class></classes></package><package name="crates/s3-gallery-cli/src/web" line-rate="0" branch-rate="0" complexity="0"><classes><class name="state" filename="crates/s3-gallery-cli/src/web/state.rs" line-rate="0" branch-rate="0" complexity="0"><methods/><lines><line number="38" hits="0"/><line number="39" hits="0"/><line number="40" hits="0"/><line number="42" hits="0"/><line number="48" hits="0"/><line number="49" hits="0"/><line number="50" hits="0"/><line number="52" hits="0"/></lines></class></classes></package><package name="target/debug/build/aws-types-5833f3aef4937d59/out" line-rate="0" branch-rate="0" complexity="0"><classes></classes></package><package name="target/debug/build/libsqlite3-sys-4a0ac8c99a7617e2/out" line-rate="0" branch-rate="0" complexity="0"><classes></classes></package><package name="target/debug/build/serde_core-868fdd8759be71d4/out" line-rate="0" branch-rate="0" complexity="0"><classes></classes></package><package name="target/debug/build/serde-09a639e390204c73/out" line-rate="0" branch-rate="0" complexity="0"><classes></classes></package><package name="target/debug/build/serde_core-14475e222deed810/out" line-rate="0" branch-rate="0" complexity="0"><classes></classes></package></packages></coverage>